<?xml version="1.0" encoding="UTF-8"?>
<!-- Generated by org.testng.reporters.JUnitReportReporter -->
<testsuite hostname="Roshi-Ideapad" failures="0" tests="1" name="testCases.TC_StudentsAPI" time="2.596" errors="0" timestamp="2022-04-06T17:09:47 BST" skipped="0">
  <testcase classname="testCases.TC_StudentsAPI" name="test_putStudent" time="2.596"/>
  <system-out/>
</testsuite> <!-- testCases.TC_StudentsAPI -->
